#
# A fatal error has been detected by the Java Runtime Environment:
#
#  EXCEPTION_ACCESS_VIOLATION (0xc0000005) at pc=0x6474757e, pid=10288, tid=0x00004948
#
# JRE version: Java(TM) SE Runtime Environment (8.0_191-b12) (build 1.8.0_191-b12)
# Java VM: Java HotSpot(TM) Client VM (25.191-b12 mixed mode windows-x86 )
# Problematic frame:
# V  [jvm.dll+0xe757e]
#
# Failed to write core dump. Minidumps are not enabled by default on client versions of Windows
#
# If you would like to submit a bug report, please visit:
#   http://bugreport.java.com/bugreport/crash.jsp
#

---------------  T H R E A D  ---------------

Current thread (0x27e43400):  JavaThread "EventThread COM4" [_thread_in_vm, id=18760, stack(0x251f0000,0x25240000)]

siginfo: ExceptionCode=0xc0000005, reading address 0x00000000

Registers:
EAX=0x00000000, EBX=0x28211ea0, ECX=0x27e43400, EDX=0x0000009f
ESP=0x2522daac, EBP=0x2522dac8, ESI=0x00000000, EDI=0x27e43400
EIP=0x6474757e, EFLAGS=0x00010246

Top of Stack: (sp=0x2522daac)
0x2522daac:   2522dae4 27e43540 28211ea0 27e43400
0x2522dabc:   27d9ad0c 0000009f 64945568 2523f228
0x2522dacc:   6400183d 27e43540 00000000 00000000
0x2522dadc:   00011700 2522dae4 300a0d30 0d300a0d
0x2522daec:   0a0d300a 300a0d30 0d300a0d 0a0d300a
0x2522dafc:   300a0d30 0d300a0d 0a0d300a 300a0d30
0x2522db0c:   0d300a0d 0a0d300a 300a0d30 0d300a0d
0x2522db1c:   0a0d300a 300a0d30 0d300a0d 0a0d300a 

Instructions: (pc=0x6474757e)
0x6474755e:   c4 08 83 7f 04 00 89 7d f0 c7 45 f4 00 00 00 00
0x6474756e:   74 08 8d 4d f0 e8 e8 34 0c 00 8b 75 10 8b 45 0c
0x6474757e:   8b 10 85 f6 78 32 8b 45 14 85 c0 78 2b 8d 0c 06
0x6474758e:   3b 4a 08 77 23 85 c0 7e 3b 8b 4a 04 8b 49 04 83 


Register to memory mapping:

EAX=0x00000000 is an unknown value
EBX=0x28211ea0 is an unknown value
ECX=0x27e43400 is a thread
EDX=0x0000009f is an unknown value
ESP=0x2522daac is pointing into the stack for thread: 0x27e43400
EBP=0x2522dac8 is pointing into the stack for thread: 0x27e43400
ESI=0x00000000 is an unknown value
EDI=0x27e43400 is a thread


Stack: [0x251f0000,0x25240000],  sp=0x2522daac,  free space=246k
Native frames: (J=compiled Java code, j=interpreted, Vv=VM code, C=native code)
V  [jvm.dll+0xe757e]
C  [jSSC-2.8_x86.dll+0x183d]
J 12521  jssc.SerialNativeInterface.readBytes(JI)[B (0 bytes) @ 0x02c9bfa5 [0x02c9bf10+0x95]
J 14786 C1 processing.app.Serial.serialEvent(Ljssc/SerialPortEvent;)V (195 bytes) @ 0x02f222b4 [0x02f22180+0x134]
J 5317 C1 jssc.SerialPort$EventThread.run()V (84 bytes) @ 0x02eeae4c [0x02eeacf0+0x15c]
v  ~StubRoutines::call_stub
V  [jvm.dll+0x15c315]
V  [jvm.dll+0x223ece]
V  [jvm.dll+0x15c3ae]
V  [jvm.dll+0x15c536]
V  [jvm.dll+0x15c5a7]
V  [jvm.dll+0x1002ef]
V  [jvm.dll+0x17f550]
V  [jvm.dll+0x17fdca]
V  [jvm.dll+0x1c57a6]
C  [msvcr100.dll+0x5c556]
C  [msvcr100.dll+0x5c600]
C  [KERNEL32.DLL+0x16359]
C  [ntdll.dll+0x67b74]
C  [ntdll.dll+0x67b44]
C  0x00000000

Java frames: (J=compiled Java code, j=interpreted, Vv=VM code)
J 12521  jssc.SerialNativeInterface.readBytes(JI)[B (0 bytes) @ 0x02c9bf61 [0x02c9bf10+0x51]
J 14786 C1 processing.app.Serial.serialEvent(Ljssc/SerialPortEvent;)V (195 bytes) @ 0x02f222b4 [0x02f22180+0x134]
J 5317 C1 jssc.SerialPort$EventThread.run()V (84 bytes) @ 0x02eeae4c [0x02eeacf0+0x15c]
v  ~StubRoutines::call_stub

---------------  P R O C E S S  ---------------

Java Threads: ( => current thread )
=>0x27e43400 JavaThread "EventThread COM4" [_thread_in_vm, id=18760, stack(0x251f0000,0x25240000)]
  0x27e42800 JavaThread "JmDNS(maxlikesnoodles-home.local.).State.Timer" [_thread_blocked, id=20048, stack(0x27130000,0x27180000)]
  0x27e41800 JavaThread "JmDNS(maxlikesnoodles-home.local.).Timer" daemon [_thread_blocked, id=20044, stack(0x270a0000,0x270f0000)]
  0x27e46000 JavaThread "SocketListener(maxlikesnoodles-home.local.)" daemon [_thread_blocked, id=20040, stack(0x27010000,0x27060000)]
  0x27e42400 JavaThread "JmDNS(fe80-0-0-0-15f5-a90-5fc0-87c7-wlan2.local.).State.Timer" [_thread_blocked, id=20032, stack(0x26ef0000,0x26f40000)]
  0x27e44800 JavaThread "JmDNS(fe80-0-0-0-15f5-a90-5fc0-87c7-wlan2.local.).Timer" daemon [_thread_blocked, id=20028, stack(0x26e60000,0x26eb0000)]
  0x27e47000 JavaThread "SocketListener(fe80-0-0-0-15f5-a90-5fc0-87c7-wlan2.local.)" daemon [_thread_in_native, id=20024, stack(0x028f0000,0x02940000)]
  0x27e47c00 JavaThread "DestroyJavaVM" [_thread_blocked, id=12844, stack(0x02840000,0x02890000)]
  0x27e48800 JavaThread "TimerQueue" daemon [_thread_blocked, id=1688, stack(0x29180000,0x291d0000)]
  0x2792f800 JavaThread "AWT-EventQueue-0" [_thread_blocked, id=3388, stack(0x28dd0000,0x28e20000)]
  0x27930800 JavaThread "AWT-Shutdown" [_thread_blocked, id=17724, stack(0x28d40000,0x28d90000)]
  0x27932000 JavaThread "Batik CleanerThread" daemon [_thread_blocked, id=18224, stack(0x28430000,0x28480000)]
  0x27878000 JavaThread "Multihomed mDNS.Timer" daemon [_thread_blocked, id=12008, stack(0x26c80000,0x26cd0000)]
  0x27879000 JavaThread "cc.arduino.packages.discoverers.serial.SerialDiscovery" [_thread_blocked, id=18028, stack(0x28340000,0x28390000)]
  0x2683cc00 JavaThread "AWT-Windows" daemon [_thread_in_native, id=15708, stack(0x26d10000,0x26d60000)]
  0x26810000 JavaThread "Java2D Disposer" daemon [_thread_blocked, id=1652, stack(0x26bf0000,0x26c40000)]
  0x25e29000 JavaThread "Service Thread" daemon [_thread_blocked, id=17504, stack(0x26490000,0x264e0000)]
  0x25e22000 JavaThread "C1 CompilerThread0" daemon [_thread_blocked, id=17484, stack(0x26400000,0x26450000)]
  0x25e21000 JavaThread "Attach Listener" daemon [_thread_blocked, id=18308, stack(0x26370000,0x263c0000)]
  0x25e1e800 JavaThread "Signal Dispatcher" daemon [_thread_blocked, id=18280, stack(0x262e0000,0x26330000)]
  0x25e0c400 JavaThread "Finalizer" daemon [_thread_blocked, id=12904, stack(0x26150000,0x261a0000)]
  0x25e06800 JavaThread "Reference Handler" daemon [_thread_blocked, id=12732, stack(0x260c0000,0x26110000)]

Other Threads:
  0x25df0c00 VMThread [stack: 0x26030000,0x26080000] [id=11480]
  0x25e2d400 WatcherThread [stack: 0x26520000,0x26570000] [id=18324]

VM state:synchronizing (normal execution)

VM Mutex/Monitor currently owned by a thread:  ([mutex/lock_event])
[0x028ed5d0] Threads_lock - owner thread: 0x25df0c00
[0x028ed898] Heap_lock - owner thread: 0x27e46000

Heap:
 def new generation   total 157248K, used 157247K [0x04c00000, 0x0f6a0000, 0x0f6a0000)
  eden space 139776K, 100% used [0x04c00000, 0x0d480000, 0x0d480000)
  from space 17472K,  99% used [0x0d480000, 0x0e58fff8, 0x0e590000)
  to   space 17472K,   0% used [0x0e590000, 0x0e590000, 0x0f6a0000)
 tenured generation   total 349568K, used 349567K [0x0f6a0000, 0x24c00000, 0x24c00000)
   the space 349568K,  99% used [0x0f6a0000, 0x24bffff8, 0x24c00000, 0x24c00000)
 Metaspace       used 21662K, capacity 22252K, committed 22528K, reserved 22912K

Card table byte_map: [0x24c00000,0x24d10000] byte_map_base: 0x24bda000

Polling page: 0x02720000

CodeCache: size=32768Kb used=2351Kb max_used=4622Kb free=30416Kb
 bounds [0x02ab0000, 0x02f40000, 0x04ab0000]
 total_blobs=1394 nmethods=1112 adapters=210
 compilation: enabled

Compilation events (10 events):
Event: 10266.978 Thread 0x25e22000 21315             javax.swing.text.PlainView::modelToView (148 bytes)
Event: 10266.979 Thread 0x25e22000 nmethod 21315 0x02eefec8 code [0x02ef0070, 0x02ef03b4]
Event: 10267.289 Thread 0x25e22000 21316             java.util.ArrayList::indexOf (67 bytes)
Event: 10267.289 Thread 0x25e22000 nmethod 21316 0x02b70488 code [0x02b705a0, 0x02b7070c]
Event: 10269.668 Thread 0x25e22000 21317             javax.swing.text.PlainView::insertUpdate (8 bytes)
Event: 10269.669 Thread 0x25e22000 nmethod 21317 0x02b6b288 code [0x02b6b380, 0x02b6b41c]
Event: 10269.722 Thread 0x25e22000 21318             java.security.AccessControlContext::calculateFields (89 bytes)
Event: 10269.723 Thread 0x25e22000 nmethod 21318 0x02e48048 code [0x02e48160, 0x02e482b8]
Event: 10270.630 Thread 0x25e22000 21319   !         javax.swing.UIManager::maybeInitialize (36 bytes)
Event: 10270.630 Thread 0x25e22000 nmethod 21319 0x02d30fc8 code [0x02d310f0, 0x02d31334]

GC Heap History (10 events):
Event: 10280.940 GC heap before
{Heap before GC invocations=175 (full 47):
 def new generation   total 157248K, used 157247K [0x04c00000, 0x0f6a0000, 0x0f6a0000)
  eden space 139776K, 100% used [0x04c00000, 0x0d480000, 0x0d480000)
  from space 17472K,  99% used [0x0d480000, 0x0e58fff8, 0x0e590000)
  to   space 17472K,   0% used [0x0e590000, 0x0e590000, 0x0f6a0000)
 tenured generation   total 349568K, used 349567K [0x0f6a0000, 0x24c00000, 0x24c00000)
   the space 349568K,  99% used [0x0f6a0000, 0x24bffff8, 0x24c00000, 0x24c00000)
 Metaspace       used 21662K, capacity 22252K, committed 22528K, reserved 22912K
Event: 10282.416 GC heap after
Heap after GC invocations=176 (full 48):
 def new generation   total 157248K, used 157199K [0x04c00000, 0x0f6a0000, 0x0f6a0000)
  eden space 139776K,  99% used [0x04c00000, 0x0d473e20, 0x0d480000)
  from space 17472K,  99% used [0x0d480000, 0x0e58fff8, 0x0e590000)
  to   space 17472K,   0% used [0x0e590000, 0x0e590000, 0x0f6a0000)
 tenured generation   total 349568K, used 349567K [0x0f6a0000, 0x24c00000, 0x24c00000)
   the space 349568K,  99% used [0x0f6a0000, 0x24bffff8, 0x24c00000, 0x24c00000)
 Metaspace       used 21662K, capacity 22252K, committed 22528K, reserved 22912K
}
Event: 10282.417 GC heap before
{Heap before GC invocations=176 (full 48):
 def new generation   total 157248K, used 157247K [0x04c00000, 0x0f6a0000, 0x0f6a0000)
  eden space 139776K, 100% used [0x04c00000, 0x0d480000, 0x0d480000)
  from space 17472K,  99% used [0x0d480000, 0x0e58fff8, 0x0e590000)
  to   space 17472K,   0% used [0x0e590000, 0x0e590000, 0x0f6a0000)
 tenured generation   total 349568K, used 349567K [0x0f6a0000, 0x24c00000, 0x24c00000)
   the space 349568K,  99% used [0x0f6a0000, 0x24bffff8, 0x24c00000, 0x24c00000)
 Metaspace       used 21662K, capacity 22252K, committed 22528K, reserved 22912K
Event: 10283.722 GC heap after
Heap after GC invocations=177 (full 49):
 def new generation   total 157248K, used 157179K [0x04c00000, 0x0f6a0000, 0x0f6a0000)
  eden space 139776K,  99% used [0x04c00000, 0x0d46edb8, 0x0d480000)
  from space 17472K,  99% used [0x0d480000, 0x0e58fff8, 0x0e590000)
  to   space 17472K,   0% used [0x0e590000, 0x0e590000, 0x0f6a0000)
 tenured generation   total 349568K, used 349567K [0x0f6a0000, 0x24c00000, 0x24c00000)
   the space 349568K,  99% used [0x0f6a0000, 0x24bffff8, 0x24c00000, 0x24c00000)
 Metaspace       used 21662K, capacity 22252K, committed 22528K, reserved 22912K
}
Event: 10283.722 GC heap before
{Heap before GC invocations=177 (full 49):
 def new generation   total 157248K, used 157207K [0x04c00000, 0x0f6a0000, 0x0f6a0000)
  eden space 139776K,  99% used [0x04c00000, 0x0d475e80, 0x0d480000)
  from space 17472K,  99% used [0x0d480000, 0x0e58fff8, 0x0e590000)
  to   space 17472K,   0% used [0x0e590000, 0x0e590000, 0x0f6a0000)
 tenured generation   total 349568K, used 349567K [0x0f6a0000, 0x24c00000, 0x24c00000)
   the space 349568K,  99% used [0x0f6a0000, 0x24bffff8, 0x24c00000, 0x24c00000)
 Metaspace       used 21662K, capacity 22252K, committed 22528K, reserved 22912K
Event: 10284.931 GC heap after
Heap after GC invocations=178 (full 50):
 def new generation   total 157248K, used 157186K [0x04c00000, 0x0f6a0000, 0x0f6a0000)
  eden space 139776K,  99% used [0x04c00000, 0x0d470bc8, 0x0d480000)
  from space 17472K,  99% used [0x0d480000, 0x0e58fff8, 0x0e590000)
  to   space 17472K,   0% used [0x0e590000, 0x0e590000, 0x0f6a0000)
 tenured generation   total 349568K, used 349567K [0x0f6a0000, 0x24c00000, 0x24c00000)
   the space 349568K,  99% used [0x0f6a0000, 0x24bffff8, 0x24c00000, 0x24c00000)
 Metaspace       used 21662K, capacity 22252K, committed 22528K, reserved 22912K
}
Event: 10284.931 GC heap before
{Heap before GC invocations=178 (full 50):
 def new generation   total 157248K, used 157186K [0x04c00000, 0x0f6a0000, 0x0f6a0000)
  eden space 139776K,  99% used [0x04c00000, 0x0d470bc8, 0x0d480000)
  from space 17472K,  99% used [0x0d480000, 0x0e58fff8, 0x0e590000)
  to   space 17472K,   0% used [0x0e590000, 0x0e590000, 0x0f6a0000)
 tenured generation   total 349568K, used 349567K [0x0f6a0000, 0x24c00000, 0x24c00000)
   the space 349568K,  99% used [0x0f6a0000, 0x24bffff8, 0x24c00000, 0x24c00000)
 Metaspace       used 21662K, capacity 22252K, committed 22528K, reserved 22912K
Event: 10286.110 GC heap after
Heap after GC invocations=179 (full 51):
 def new generation   total 157248K, used 157186K [0x04c00000, 0x0f6a0000, 0x0f6a0000)
  eden space 139776K,  99% used [0x04c00000, 0x0d470bc8, 0x0d480000)
  from space 17472K,  99% used [0x0d480000, 0x0e58fff8, 0x0e590000)
  to   space 17472K,   0% used [0x0e590000, 0x0e590000, 0x0f6a0000)
 tenured generation   total 349568K, used 349567K [0x0f6a0000, 0x24c00000, 0x24c00000)
   the space 349568K,  99% used [0x0f6a0000, 0x24bffff8, 0x24c00000, 0x24c00000)
 Metaspace       used 21662K, capacity 22252K, committed 22528K, reserved 22912K
}
Event: 10286.111 GC heap before
{Heap before GC invocations=179 (full 51):
 def new generation   total 157248K, used 157247K [0x04c00000, 0x0f6a0000, 0x0f6a0000)
  eden space 139776K, 100% used [0x04c00000, 0x0d480000, 0x0d480000)
  from space 17472K,  99% used [0x0d480000, 0x0e58fff8, 0x0e590000)
  to   space 17472K,   0% used [0x0e590000, 0x0e590000, 0x0f6a0000)
 tenured generation   total 349568K, used 349567K [0x0f6a0000, 0x24c00000, 0x24c00000)
   the space 349568K,  99% used [0x0f6a0000, 0x24bffff8, 0x24c00000, 0x24c00000)
 Metaspace       used 21662K, capacity 22252K, committed 22528K, reserved 22912K
Event: 10287.303 GC heap after
Heap after GC invocations=180 (full 52):
 def new generation   total 157248K, used 157192K [0x04c00000, 0x0f6a0000, 0x0f6a0000)
  eden space 139776K,  99% used [0x04c00000, 0x0d472250, 0x0d480000)
  from space 17472K,  99% used [0x0d480000, 0x0e58fff8, 0x0e590000)
  to   space 17472K,   0% used [0x0e590000, 0x0e590000, 0x0f6a0000)
 tenured generation   total 349568K, used 349567K [0x0f6a0000, 0x24c00000, 0x24c00000)
   the space 349568K,  99% used [0x0f6a0000, 0x24bffff8, 0x24c00000, 0x24c00000)
 Metaspace       used 21662K, capacity 22252K, committed 22528K, reserved 22912K
}

Deoptimization events (0 events):
No events

Classes redefined (0 events):
No events

Internal exceptions (10 events):
Event: 10088.058 Thread 0x27e45400 Exception <a 'sun/nio/fs/WindowsException'> (0x0a3c53b0) thrown at [C:\workspace\8-2-build-windows-i586-cygwin\jdk8u191\11896\hotspot\src\share\vm\prims\jni.cpp, line 709]
Event: 10088.061 Thread 0x27e45400 Exception <a 'sun/nio/fs/WindowsException'> (0x0a3ced30) thrown at [C:\workspace\8-2-build-windows-i586-cygwin\jdk8u191\11896\hotspot\src\share\vm\prims\jni.cpp, line 709]
Event: 10088.061 Thread 0x27e45400 Exception <a 'sun/nio/fs/WindowsException'> (0x0a3cf2e8) thrown at [C:\workspace\8-2-build-windows-i586-cygwin\jdk8u191\11896\hotspot\src\share\vm\prims\jni.cpp, line 709]
Event: 10088.066 Thread 0x27e45400 Exception <a 'sun/nio/fs/WindowsException'> (0x0a3f4750) thrown at [C:\workspace\8-2-build-windows-i586-cygwin\jdk8u191\11896\hotspot\src\share\vm\prims\jni.cpp, line 709]
Event: 10088.067 Thread 0x27e45400 Exception <a 'sun/nio/fs/WindowsException'> (0x0a3f4d58) thrown at [C:\workspace\8-2-build-windows-i586-cygwin\jdk8u191\11896\hotspot\src\share\vm\prims\jni.cpp, line 709]
Event: 10088.077 Thread 0x27e45400 Exception <a 'sun/nio/fs/WindowsException'> (0x0a40a9e0) thrown at [C:\workspace\8-2-build-windows-i586-cygwin\jdk8u191\11896\hotspot\src\share\vm\prims\jni.cpp, line 709]
Event: 10088.078 Thread 0x27e45400 Exception <a 'sun/nio/fs/WindowsException'> (0x0a40af88) thrown at [C:\workspace\8-2-build-windows-i586-cygwin\jdk8u191\11896\hotspot\src\share\vm\prims\jni.cpp, line 709]
Event: 10088.084 Thread 0x27e45400 Exception <a 'sun/nio/fs/WindowsException'> (0x0a422278) thrown at [C:\workspace\8-2-build-windows-i586-cygwin\jdk8u191\11896\hotspot\src\share\vm\prims\jni.cpp, line 709]
Event: 10088.084 Thread 0x27e45400 Exception <a 'sun/nio/fs/WindowsException'> (0x0a422858) thrown at [C:\workspace\8-2-build-windows-i586-cygwin\jdk8u191\11896\hotspot\src\share\vm\prims\jni.cpp, line 709]
Event: 10286.111 Thread 0x27e43400 Exception <a 'java/lang/OutOfMemoryError'> (0x0f732668) thrown at [C:\workspace\8-2-build-windows-i586-cygwin\jdk8u191\11896\hotspot\src\share\vm\gc_interface/collectedHeap.inline.hpp, line 159]

Events (10 events):
Event: 10279.741 Executing VM operation: GenCollectForAllocation
Event: 10280.939 Executing VM operation: GenCollectForAllocation done
Event: 10280.939 Executing VM operation: GenCollectForAllocation
Event: 10282.416 Executing VM operation: GenCollectForAllocation done
Event: 10282.417 Executing VM operation: GenCollectForAllocation
Event: 10283.722 Executing VM operation: GenCollectForAllocation done
Event: 10283.722 Executing VM operation: GenCollectForAllocation
Event: 10286.110 Executing VM operation: GenCollectForAllocation done
Event: 10286.111 Executing VM operation: GenCollectForAllocation
Event: 10287.303 Executing VM operation: GenCollectForAllocation done


Dynamic libraries:
0x00c10000 - 0x00c43000 	C:\Users\maxad\Arduino\java\bin\javaw.exe
0x779c0000 - 0x77b5a000 	C:\WINDOWS\SYSTEM32\ntdll.dll
0x77660000 - 0x77740000 	C:\WINDOWS\System32\KERNEL32.DLL
0x75ef0000 - 0x760ec000 	C:\WINDOWS\System32\KERNELBASE.dll
0x75340000 - 0x753b9000 	C:\WINDOWS\System32\ADVAPI32.dll
0x76110000 - 0x761cf000 	C:\WINDOWS\System32\msvcrt.dll
0x75240000 - 0x752b6000 	C:\WINDOWS\System32\sechost.dll
0x761d0000 - 0x7628b000 	C:\WINDOWS\System32\RPCRT4.dll
0x75190000 - 0x751b0000 	C:\WINDOWS\System32\SspiCli.dll
0x75180000 - 0x7518a000 	C:\WINDOWS\System32\CRYPTBASE.dll
0x76390000 - 0x763ef000 	C:\WINDOWS\System32\bcryptPrimitives.dll
0x774c0000 - 0x77657000 	C:\WINDOWS\System32\USER32.dll
0x778e0000 - 0x778f7000 	C:\WINDOWS\System32\win32u.dll
0x75210000 - 0x75231000 	C:\WINDOWS\System32\GDI32.dll
0x763f0000 - 0x7654a000 	C:\WINDOWS\System32\gdi32full.dll
0x76310000 - 0x7638c000 	C:\WINDOWS\System32\msvcp_win.dll
0x758f0000 - 0x75a0f000 	C:\WINDOWS\System32\ucrtbase.dll
0x72190000 - 0x7239f000 	C:\WINDOWS\WinSxS\x86_microsoft.windows.common-controls_6595b64144ccf1df_6.0.18362.535_none_2e70ea1e278c3127\COMCTL32.dll
0x75a20000 - 0x75c96000 	C:\WINDOWS\System32\combase.dll
0x77740000 - 0x77765000 	C:\WINDOWS\System32\IMM32.DLL
0x654c0000 - 0x6557f000 	C:\Users\maxad\Arduino\java\bin\msvcr100.dll
0x64660000 - 0x64a33000 	C:\Users\maxad\Arduino\java\bin\client\jvm.dll
0x75a10000 - 0x75a16000 	C:\WINDOWS\System32\PSAPI.DLL
0x74e20000 - 0x74e28000 	C:\WINDOWS\SYSTEM32\VERSION.dll
0x71750000 - 0x71774000 	C:\WINDOWS\SYSTEM32\WINMM.dll
0x72180000 - 0x72188000 	C:\WINDOWS\SYSTEM32\WSOCK32.dll
0x76290000 - 0x762ee000 	C:\WINDOWS\System32\WS2_32.dll
0x70da0000 - 0x70dc3000 	C:\WINDOWS\SYSTEM32\winmmbase.dll
0x77360000 - 0x7739b000 	C:\WINDOWS\System32\cfgmgr32.dll
0x6b120000 - 0x6b150000 	C:\Users\maxad\Arduino\java\bin\splashscreen.dll
0x72050000 - 0x720ca000 	C:\WINDOWS\system32\uxtheme.dll
0x6b2a0000 - 0x6b2ac000 	C:\Users\maxad\Arduino\java\bin\verify.dll
0x6b0d0000 - 0x6b0f2000 	C:\Users\maxad\Arduino\java\bin\java.dll
0x773a0000 - 0x774a3000 	C:\WINDOWS\System32\MSCTF.dll
0x772c0000 - 0x77352000 	C:\WINDOWS\System32\OLEAUT32.dll
0x65a20000 - 0x65a34000 	C:\Users\maxad\Arduino\java\bin\zip.dll
0x75dd0000 - 0x75ddf000 	C:\WINDOWS\System32\kernel.appcore.dll
0x6b7f0000 - 0x6b874000 	C:\WINDOWS\System32\TextInputFramework.dll
0x71fc0000 - 0x72049000 	C:\WINDOWS\System32\CoreMessaging.dll
0x6d600000 - 0x6d85e000 	C:\WINDOWS\System32\CoreUIComponents.dll
0x753c0000 - 0x75444000 	C:\WINDOWS\System32\SHCORE.dll
0x6d860000 - 0x6d93a000 	C:\WINDOWS\SYSTEM32\wintypes.dll
0x71690000 - 0x716b9000 	C:\WINDOWS\SYSTEM32\ntmarta.dll
0x712a0000 - 0x714c9000 	C:\WINDOWS\System32\iertutil.dll
0x76b30000 - 0x770aa000 	C:\WINDOWS\System32\SHELL32.dll
0x76550000 - 0x76b15000 	C:\WINDOWS\System32\windows.storage.dll
0x760f0000 - 0x76107000 	C:\WINDOWS\System32\profapi.dll
0x75450000 - 0x75493000 	C:\WINDOWS\System32\powrprof.dll
0x76b20000 - 0x76b2d000 	C:\WINDOWS\System32\UMPDC.dll
0x77160000 - 0x771a4000 	C:\WINDOWS\System32\shlwapi.dll
0x77140000 - 0x77153000 	C:\WINDOWS\System32\cryptsp.dll
0x61940000 - 0x619b3000 	C:\Users\maxad\Arduino\lib\listSerialsj.dll
0x754a0000 - 0x758e9000 	C:\WINDOWS\System32\SETUPAPI.dll
0x762f0000 - 0x76309000 	C:\WINDOWS\System32\bcrypt.dll
0x654a0000 - 0x654bd000 	C:\Users\maxad\Arduino\lib\jnidispatch-4.2.2-win32-x86.dll
0x75de0000 - 0x75ed7000 	C:\WINDOWS\System32\Ole32.dll
0x65480000 - 0x65495000 	C:\Users\maxad\Arduino\java\bin\net.dll
0x74ec0000 - 0x74f12000 	C:\WINDOWS\system32\mswsock.dll
0x6b110000 - 0x6b11f000 	C:\Users\maxad\Arduino\java\bin\nio.dll
0x64510000 - 0x64657000 	C:\Users\maxad\Arduino\java\bin\awt.dll
0x6b2f0000 - 0x6b38f000 	C:\WINDOWS\SYSTEM32\apphelp.dll
0x6f8c0000 - 0x6f8e5000 	C:\WINDOWS\system32\DWMAPI.DLL
0x65440000 - 0x65479000 	C:\Users\maxad\Arduino\java\bin\fontmanager.dll
0x6dfe0000 - 0x6e0df000 	C:\WINDOWS\system32\opengl32.dll
0x6db20000 - 0x6db5f000 	C:\WINDOWS\SYSTEM32\GLU32.dll
0x6fb00000 - 0x6fb19000 	C:\WINDOWS\SYSTEM32\dxcore.dll
0x65400000 - 0x65432000 	C:\Users\maxad\Arduino\java\bin\t2k.dll
0x72510000 - 0x72533000 	C:\WINDOWS\SYSTEM32\DEVOBJ.dll
0x75ca0000 - 0x75ce6000 	C:\WINDOWS\System32\WINTRUST.dll
0x772b0000 - 0x772be000 	C:\WINDOWS\System32\MSASN1.dll
0x771b0000 - 0x772ab000 	C:\WINDOWS\System32\CRYPT32.dll
0x6f7a0000 - 0x6f7d2000 	C:\WINDOWS\SYSTEM32\IPHLPAPI.DLL
0x774b0000 - 0x774b7000 	C:\WINDOWS\System32\NSI.dll
0x6f700000 - 0x6f713000 	C:\WINDOWS\SYSTEM32\dhcpcsvc6.DLL
0x6f6e0000 - 0x6f6f5000 	C:\WINDOWS\SYSTEM32\dhcpcsvc.DLL
0x6f7e0000 - 0x6f871000 	C:\WINDOWS\SYSTEM32\DNSAPI.dll
0x6f750000 - 0x6f758000 	C:\Windows\System32\rasadhlp.dll
0x6b790000 - 0x6b7e1000 	C:\WINDOWS\System32\fwpuclnt.dll
0x65390000 - 0x653f9000 	C:\Users\maxad\Arduino\msvcp100.dll
0x64450000 - 0x6450e000 	C:\Users\maxad\Arduino\msvcr100.dll
0x029a0000 - 0x029d2000 	C:\Users\maxad\Arduino\lib\AStylej.dll
0x65360000 - 0x65384000 	C:\Users\maxad\Arduino\java\bin\dcpr.dll
0x752c0000 - 0x75340000 	C:\WINDOWS\System32\clbcatq.dll
0x642e0000 - 0x64449000 	C:\WINDOWS\SYSTEM32\WindowsCodecs.dll
0x6ff40000 - 0x6ff71000 	C:\WINDOWS\system32\dataexchange.dll
0x6fd60000 - 0x6ff3e000 	C:\WINDOWS\system32\d3d11.dll
0x6fbf0000 - 0x6fd59000 	C:\WINDOWS\system32\dcomp.dll
0x6fb20000 - 0x6fbe1000 	C:\WINDOWS\system32\dxgi.dll
0x6f910000 - 0x6faf4000 	C:\WINDOWS\system32\twinapi.appcore.dll
0x6f8f0000 - 0x6f90f000 	C:\WINDOWS\system32\RMCLIENT.dll
0x65340000 - 0x65360000 	C:\Users\maxad\Arduino\java\bin\sunec.dll
0x74570000 - 0x7459f000 	C:\WINDOWS\system32\rsaenh.dll
0x71be0000 - 0x71bfe000 	C:\WINDOWS\SYSTEM32\USERENV.dll
0x6b0c0000 - 0x6b0c9000 	C:\Users\maxad\Arduino\java\bin\sunmscapi.dll
0x6b550000 - 0x6b5a2000 	C:\WINDOWS\system32\Ninput.dll
0x64000000 - 0x6401b000 	C:\Users\maxad\.jssc\windows\jSSC-2.8_x86.dll
0x71500000 - 0x7168f000 	C:\WINDOWS\SYSTEM32\dbghelp.dll

VM Arguments:
jvm_args: -Dsun.java2d.d3d=false -Djna.nosys=true -Djna.nounpack=true -Djna.boot.library.name=jnidispatch-4.2.2-win32-x86 -Djna.boot.library.path=C:\Users\maxad\Arduino/lib -Djssc.library.path=C:\Users\maxad\Arduino/lib -DAPP_DIR=C:\Users\maxad\Arduino -Xms128M -Xmx512M -Dfile.encoding=UTF8 
java_command: processing.app.Base D:\coding\python\taz\jarvis\arduino\dore\dore.ino
java_class_path (initial): C:\Users\maxad\Arduino\lib\apple.jar;C:\Users\maxad\Arduino\lib\arduino-core.jar;C:\Users\maxad\Arduino\lib\batik-1.8.jar;C:\Users\maxad\Arduino\lib\batik-anim-1.8.jar;C:\Users\maxad\Arduino\lib\batik-awt-util-1.8.jar;C:\Users\maxad\Arduino\lib\batik-bridge-1.8.jar;C:\Users\maxad\Arduino\lib\batik-codec-1.8.jar;C:\Users\maxad\Arduino\lib\batik-css-1.8.jar;C:\Users\maxad\Arduino\lib\batik-dom-1.8.jar;C:\Users\maxad\Arduino\lib\batik-ext-1.8.jar;C:\Users\maxad\Arduino\lib\batik-gvt-1.8.jar;C:\Users\maxad\Arduino\lib\batik-parser-1.8.jar;C:\Users\maxad\Arduino\lib\batik-rasterizer-1.8.jar;C:\Users\maxad\Arduino\lib\batik-script-1.8.jar;C:\Users\maxad\Arduino\lib\batik-squiggle-1.8.jar;C:\Users\maxad\Arduino\lib\batik-svg-dom-1.8.jar;C:\Users\maxad\Arduino\lib\batik-svgpp-1.8.jar;C:\Users\maxad\Arduino\lib\batik-transcoder-1.8.jar;C:\Users\maxad\Arduino\lib\batik-util-1.8.jar;C:\Users\maxad\Arduino\lib\batik-xml-1.8.jar;C:\Users\maxad\Arduino\lib\bcpg-jdk15on-152.jar;C:\Users\maxad\Arduino\lib\bcprov-jdk15on-152.jar;C:\Users\maxad\Arduino\lib\commons-codec-1.7.jar;C:\Users\maxad\Arduino\lib\commons-compress-1.8.jar;C:\Users\maxad\Arduino\lib\commons-exec-1.1.jar;C:\Users\maxad\Arduino\lib\commons-httpclient-3.1.jar;C:\Users\maxad\Arduino\lib\commons-lang3-3.3.2.jar;C:\Users\maxad\Arduino\lib\commons-logging-1.0.4.jar;C:\Users\maxad\Arduino\lib\commons-net-3.3.jar;C:\Users\maxad\Arduino\lib\jackson-annotations-2.9.5.jar;C:\Users\maxad\Arduino\lib\jackson-core-2.9.5.jar;C:\Users\maxad\Arduino\lib\jackson-databind-2.9.5.jar;C:\Users\maxad\Arduino\lib\jackson-module-mrbean-2.9.5.jar;C:\Users\maxad\Arduino\lib\java-semver-0.8.0.jar;C:\Users\maxad\Arduino\lib\jmdns-3.5.3.jar;C:\Users\maxad\Arduino\lib\jtouchbar-1.0.0.jar;C:\Users\maxad\Arduino\lib\slf4j-simple-1.7.22.jar;C:\Users\maxad\Arduino\lib\slf4j-api-1.7.22.jar;C:\Users\maxad\Arduino\lib\jna-4.2.2.jar;C:\Users\maxad\Arduino\lib\jna-platform-4.2.2.jar;C:\Users\maxad\Arduino\lib\jsch-0.1.50.j
Launcher Type: SUN_STANDARD

Environment Variables:
PATH=C:\Windows\System32;C:\Windows\System32\OpenSSH;C:\Program Files (x86)\Windows Kits\10\bin\10.0.17763.0\x86;C:\Program Files\nodejs\;%SystemRoot%\system32;%SystemRoot%;%SystemRoot%\System32\Wbem;%SYSTEMROOT%\System32\WindowsPowerShell\v1.0\;%SYSTEMROOT%\System32\OpenSSH\;C:\Users\maxad\scoop\shims;C:\Users\maxad\AppData\Local\Programs\Python\Python37\Scripts\;C:\Users\maxad\AppData\Local\Programs\Python\Python37\;C:\Users\maxad\AppData\Local\Programs\Python\Python37-32\Scripts\;C:\Users\maxad\AppData\Local\Programs\Python\Python37-32\;C:\Users\maxad\AppData\Local\Programs\Python\Python36-32\Scripts\;C:\Users\maxad\AppData\Local\Programs\Python\Python36-32\;C:\Users\maxad\AppData\Local\Programs\Python\Python36\Scripts\;C:\Users\maxad\AppData\Local\Programs\Python\Python36\;C:\Users\maxad\AppData\Local\Microsoft\WindowsApps;C:\Program Files (x86)\Nmap;C:\Users\maxad\Desktop\Microsoft VS Code\bin;C:\Program Files\heroku\bin;C:\Users\maxad\AppData\Local\Google\Cloud SDK\google-cloud-sdk\bin;C:\Users\maxad\AppData\Roaming\npm;C:\Users\maxad\AppData\Local\GitHubDesktop\bin;%USERPROFILE%\AppData\Local\Microsoft\WindowsApps;;C:\Users\maxad\Arduino\java\bin
USERNAME=maxad
OS=Windows_NT
PROCESSOR_IDENTIFIER=Intel64 Family 6 Model 158 Stepping 9, GenuineIntel



---------------  S Y S T E M  ---------------

OS: Windows 10.0 , 64 bit Build 18362 (10.0.18362.329)

CPU:total 8 (initial active 8) (4 cores per cpu, 2 threads per core) family 6 model 158 stepping 9, cmov, cx8, fxsr, mmx, sse, sse2, sse3, ssse3, sse4.1, sse4.2, popcnt, avx, avx2, aes, clmul, erms, 3dnowpref, lzcnt, ht, tsc, tscinvbit, bmi1, bmi2, adx

Memory: 4k page, physical 8247252k(2183072k free), swap 14547924k(2486764k free)

vm_info: Java HotSpot(TM) Client VM (25.191-b12) for windows-x86 JRE (1.8.0_191-b12), built on Oct  6 2018 08:34:23 by "java_re" with MS VC++ 10.0 (VS2010)

time: Fri Jan 10 19:04:43 2020
elapsed time: 10287 seconds (0d 2h 51m 27s)

